
/home/runner/work/exp-partial-differential-equations-elliptical-equation-laplace-equation-with-one-end-insulated-iitb/exp-partial-differential-equations-elliptical-equation-laplace-equation-with-one-end-insulated-iitb/experiment/simulation/common_libraries/js/ts_components/collapse_step.js
   1:10  warning  'show_step' is defined but never used                 no-unused-vars
   2:5   warning  '$' is not defined                                    no-undef
   3:9   warning  '$' is not defined                                    no-undef
   6:10  warning  'hide_step' is defined but never used                 no-unused-vars
   7:5   warning  '$' is not defined                                    no-undef
   8:9   warning  '$' is not defined                                    no-undef
  11:10  warning  'get_collapse_btn_text' is defined but never used     no-unused-vars
  20:10  warning  'get_collapse_btn_element' is defined but never used  no-unused-vars
  29:10  warning  'hide_all_steps' is defined but never used            no-unused-vars
  31:9   warning  '$' is not defined                                    no-undef

/home/runner/work/exp-partial-differential-equations-elliptical-equation-laplace-equation-with-one-end-insulated-iitb/exp-partial-differential-equations-elliptical-equation-laplace-equation-with-one-end-insulated-iitb/experiment/simulation/common_libraries/js/ts_components/matrix.js
   27:26  warning  'MathJax' is not defined                                no-undef
   32:7   warning  'Matrix_Without_String' is defined but never used       no-unused-vars
   52:26  warning  'MathJax' is not defined                                no-undef
   56:10  warning  'get_matrix_html' is defined but never used             no-unused-vars
   87:13  warning  'row_html' is assigned a value but never used           no-unused-vars
   99:10  warning  'get_matrix_html_with_title' is defined but never used  no-unused-vars
  131:13  warning  'row_html' is assigned a value but never used           no-unused-vars
  143:10  warning  'convert_2d_to_1d_vector' is defined but never used     no-unused-vars
  156:10  warning  'convert_1d_to_2d_matrix' is defined but never used     no-unused-vars

/home/runner/work/exp-partial-differential-equations-elliptical-equation-laplace-equation-with-one-end-insulated-iitb/exp-partial-differential-equations-elliptical-equation-laplace-equation-with-one-end-insulated-iitb/experiment/simulation/common_libraries/js/ts_components/pannel.js
  8:7  warning  'Pannel' is defined but never used  no-unused-vars

/home/runner/work/exp-partial-differential-equations-elliptical-equation-laplace-equation-with-one-end-insulated-iitb/exp-partial-differential-equations-elliptical-equation-laplace-equation-with-one-end-insulated-iitb/experiment/simulation/common_libraries/js/ts_components/questions.js
   6:17  warning  'op1' is assigned a value but never used      no-unused-vars
   7:17  warning  'op2' is assigned a value but never used      no-unused-vars
   8:17  warning  'op3' is assigned a value but never used      no-unused-vars
   9:17  warning  'op4' is assigned a value but never used      no-unused-vars
  94:7   warning  'Question_Options' is defined but never used  no-unused-vars

/home/runner/work/exp-partial-differential-equations-elliptical-equation-laplace-equation-with-one-end-insulated-iitb/exp-partial-differential-equations-elliptical-equation-laplace-equation-with-one-end-insulated-iitb/experiment/simulation/common_libraries/js/ts_components/tables.js
   19:22  warning  'verify_values' is not defined                                     no-undef
  137:22  warning  'verify_values' is not defined                                     no-undef
  260:7   warning  'Verify_Rows_Cols_6_decimal_places' is defined but never used      no-unused-vars
  311:22  warning  'verify_values' is not defined                                     no-undef
  416:7   warning  'Verify_Rows_Cols_Custom_Fixed_Update1' is defined but never used  no-unused-vars
  468:7   warning  'Show_Table_Custom_Fixed' is defined but never used                no-unused-vars
  506:7   warning  'Verify_Rows_Cols_Strings' is defined but never used               no-unused-vars
  527:22  warning  'verify_values' is not defined                                     no-undef
  663:7   warning  'Display_Table' is defined but never used                          no-unused-vars

/home/runner/work/exp-partial-differential-equations-elliptical-equation-laplace-equation-with-one-end-insulated-iitb/exp-partial-differential-equations-elliptical-equation-laplace-equation-with-one-end-insulated-iitb/experiment/simulation/common_libraries/js/ts_math_library/general_math_functions.js
    1:10  warning  'verify_values' is defined but never used                   no-unused-vars
   17:10  warning  'random1' is defined but never used                         no-unused-vars
   21:10  warning  'std_deviation' is defined but never used                   no-unused-vars
   26:10  warning  'gauss' is defined but never used                           no-unused-vars
   56:10  warning  'hide_panel' is defined but never used                      no-unused-vars
   63:10  warning  'inverse_matrix' is defined but never used                  no-unused-vars
   96:10  warning  'matrix_multiplication' is defined but never used           no-unused-vars
  113:10  warning  'transpose_matrix' is defined but never used                no-unused-vars
  123:10  warning  'matrix_multiplication_8decimal' is defined but never used  no-unused-vars
  140:10  warning  'adjoint_2x2_matrix' is defined but never used              no-unused-vars
  145:10  warning  'find_deteminant' is defined but never used                 no-unused-vars
  174:10  warning  'get_Submatrix' is defined but never used                   no-unused-vars

/home/runner/work/exp-partial-differential-equations-elliptical-equation-laplace-equation-with-one-end-insulated-iitb/exp-partial-differential-equations-elliptical-equation-laplace-equation-with-one-end-insulated-iitb/experiment/simulation/common_libraries/js/ts_math_library/regression.js
   1:10  warning  'regression_linear' is defined but never used            no-unused-vars
  18:10  warning  'regression_linear_1variable' is defined but never used  no-unused-vars
  27:10  warning  'regression_linear_2variable' is defined but never used  no-unused-vars
  52:11  warning  'gauss' is not defined                                   no-undef

/home/runner/work/exp-partial-differential-equations-elliptical-equation-laplace-equation-with-one-end-insulated-iitb/exp-partial-differential-equations-elliptical-equation-laplace-equation-with-one-end-insulated-iitb/experiment/simulation/common_libraries/math.ob.js
  1:745  warning  'b' is already defined  no-redeclare

/home/runner/work/exp-partial-differential-equations-elliptical-equation-laplace-equation-with-one-end-insulated-iitb/exp-partial-differential-equations-elliptical-equation-laplace-equation-with-one-end-insulated-iitb/experiment/simulation/js/activity1.js
   20:24  warning  'MathJax' is not defined                      no-undef
   21:5   warning  'initialize_boundary' is not defined          no-undef
   24:10  warning  'start_act1' is defined but never used        no-unused-vars
   29:20  warning  'get_collapse_btn_text' is not defined        no-undef
   45:24  warning  'left1' is not defined                        no-undef
   51:24  warning  'left1' is not defined                        no-undef
   57:70  warning  'top1' is not defined                         no-undef
   58:70  warning  'top1' is not defined                         no-undef
   70:70  warning  'bottom1' is not defined                      no-undef
   71:70  warning  'bottom1' is not defined                      no-undef
  159:5   warning  'hide_all_steps' is not defined               no-undef
  160:5   warning  'show_step' is not defined                    no-undef
  161:24  warning  'MathJax' is not defined                      no-undef
  163:10  warning  'verify_equations' is defined but never used  no-unused-vars
  165:45  warning  'left1' is not defined                        no-undef
  165:64  warning  'bottom1' is not defined                      no-undef
  166:64  warning  'bottom1' is not defined                      no-undef
  167:46  warning  'left1' is not defined                        no-undef
  167:59  warning  'top1' is not defined                         no-undef
  168:58  warning  'top1' is not defined                         no-undef
  170:16  warning  'left1' is not defined                        no-undef
  170:35  warning  'bottom1' is not defined                      no-undef
  171:34  warning  'bottom1' is not defined                      no-undef
  172:16  warning  'left1' is not defined                        no-undef
  172:29  warning  'top1' is not defined                         no-undef
  173:28  warning  'top1' is not defined                         no-undef
  183:13  warning  'sp' is assigned a value but never used       no-unused-vars
  207:5   warning  'activity2' is not defined                    no-undef

/home/runner/work/exp-partial-differential-equations-elliptical-equation-laplace-equation-with-one-end-insulated-iitb/exp-partial-differential-equations-elliptical-equation-laplace-equation-with-one-end-insulated-iitb/experiment/simulation/js/activity2.js
    1:10  warning  'activity2' is defined but never used      no-unused-vars
   17:5   warning  'maindiv' is not defined                   no-undef
   18:24  warning  'MathJax' is not defined                   no-undef
   21:10  warning  'start_act2' is defined but never used     no-unused-vars
   26:20  warning  'get_collapse_btn_text' is not defined     no-undef
   52:5   warning  'maindiv' is not defined                   no-undef
   53:5   warning  'show_step' is not defined                 no-undef
   54:24  warning  'MathJax' is not defined                   no-undef
   59:9   warning  't1' is not defined                        no-undef
   59:22  warning  'left1' is not defined                     no-undef
   59:30  warning  't2' is not defined                        no-undef
   59:35  warning  't3' is not defined                        no-undef
   59:40  warning  'bottom1' is not defined                   no-undef
   60:9   warning  't2' is not defined                        no-undef
   60:22  warning  't1' is not defined                        no-undef
   60:27  warning  't1' is not defined                        no-undef
   60:32  warning  't4' is not defined                        no-undef
   60:37  warning  'bottom1' is not defined                   no-undef
   61:9   warning  't3' is not defined                        no-undef
   61:22  warning  'left1' is not defined                     no-undef
   61:30  warning  't4' is not defined                        no-undef
   61:35  warning  'top1' is not defined                      no-undef
   61:42  warning  't1' is not defined                        no-undef
   62:9   warning  't4' is not defined                        no-undef
   62:22  warning  't3' is not defined                        no-undef
   62:27  warning  't3' is not defined                        no-undef
   62:32  warning  'top1' is not defined                      no-undef
   62:39  warning  't2' is not defined                        no-undef
   64:39  warning  't1' is not defined                        no-undef
   64:43  warning  't2' is not defined                        no-undef
   64:47  warning  't3' is not defined                        no-undef
   64:51  warning  't4' is not defined                        no-undef
   66:10  warning  'verify_t_vals' is defined but never used  no-unused-vars
   68:39  warning  't1' is not defined                        no-undef
   68:43  warning  't2' is not defined                        no-undef
   68:47  warning  't3' is not defined                        no-undef
   68:51  warning  't4' is not defined                        no-undef
   77:10  warning  'verify_values' is not defined             no-undef
   77:48  warning  't1' is not defined                        no-undef
   81:10  warning  'verify_values' is not defined             no-undef
   81:48  warning  't2' is not defined                        no-undef
   85:10  warning  'verify_values' is not defined             no-undef
   85:48  warning  't3' is not defined                        no-undef
   89:10  warning  'verify_values' is not defined             no-undef
   89:48  warning  't4' is not defined                        no-undef
   95:24  warning  't1' is not defined                        no-undef
   97:24  warning  't2' is not defined                        no-undef
   99:24  warning  't3' is not defined                        no-undef
  101:24  warning  't4' is not defined                        no-undef
  104:1   warning  'activity1' is not defined                 no-undef

/home/runner/work/exp-partial-differential-equations-elliptical-equation-laplace-equation-with-one-end-insulated-iitb/exp-partial-differential-equations-elliptical-equation-laplace-equation-with-one-end-insulated-iitb/experiment/simulation/js/data.js
  56:5   warning  'x_vals' is assigned a value but never used      no-unused-vars
  57:5   warning  'y_vals' is assigned a value but never used      no-unused-vars
  60:5   warning  'tb_data' is assigned a value but never used     no-unused-vars
  61:5   warning  'I_val' is assigned a value but never used       no-unused-vars
  63:5   warning  'top1' is assigned a value but never used        no-unused-vars
  64:5   warning  'right1' is assigned a value but never used      no-unused-vars
  65:5   warning  'bottom1' is assigned a value but never used     no-unused-vars
  66:5   warning  'left1' is assigned a value but never used       no-unused-vars
  67:5   warning  't1' is assigned a value but never used          no-unused-vars
  68:5   warning  't2' is assigned a value but never used          no-unused-vars
  69:5   warning  't3' is assigned a value but never used          no-unused-vars
  70:5   warning  't4' is assigned a value but never used          no-unused-vars
  71:10  warning  'initialize_boundary' is defined but never used  no-unused-vars

/home/runner/work/exp-partial-differential-equations-elliptical-equation-laplace-equation-with-one-end-insulated-iitb/exp-partial-differential-equations-elliptical-equation-laplace-equation-with-one-end-insulated-iitb/experiment/simulation/js/gauss_ele.js
  42:10  warning  'gauss_ele' is defined but never used  no-unused-vars

/home/runner/work/exp-partial-differential-equations-elliptical-equation-laplace-equation-with-one-end-insulated-iitb/exp-partial-differential-equations-elliptical-equation-laplace-equation-with-one-end-insulated-iitb/experiment/simulation/js/screen_size.js
  1:10  warning  'set_screen_size' is defined but never used  no-unused-vars

/home/runner/work/exp-partial-differential-equations-elliptical-equation-laplace-equation-with-one-end-insulated-iitb/exp-partial-differential-equations-elliptical-equation-laplace-equation-with-one-end-insulated-iitb/experiment/simulation/js/trap.js
   4:10  warning  'generate_data' is defined but never used  no-unused-vars
  13:10  warning  'trap' is defined but never used           no-unused-vars
  21:10  warning  'sim1by3' is defined but never used        no-unused-vars
  29:10  warning  'sim3by8' is defined but never used        no-unused-vars

✖ 148 problems (0 errors, 148 warnings)

